CSCE482/build/outputs/logs/manifest-merger-debug-report.txt
-- Merging decision tree log ---
manifest
ADDED from AndroidManifest.xml:2:1
	xmlns:android
		ADDED from AndroidManifest.xml:3:2
	package
		ADDED from AndroidManifest.xml:4:2
	android:versionName
		ADDED from AndroidManifest.xml:6:2
	android:versionCode
		ADDED from AndroidManifest.xml:5:2
		INJECTED from AndroidManifest.xml:0:0
		INJECTED from AndroidManifest.xml:0:0
	android:installLocation
		ADDED from AndroidManifest.xml:7:2
uses-sdk
ADDED from AndroidManifest.xml:8:2
	android:targetSdkVersion
		ADDED from AndroidManifest.xml:10:3
	android:minSdkVersion
		ADDED from AndroidManifest.xml:9:3
uses-permission#android.permission.INTERNET
ADDED from AndroidManifest.xml:12:2
	android:name
		ADDED from AndroidManifest.xml:12:19
uses-permission#android.permission.VIBRATE
ADDED from AndroidManifest.xml:13:2
	android:name
		ADDED from AndroidManifest.xml:13:19
uses-permission#android.permission.WRITE_EXTERNAL_STORAGE
ADDED from AndroidManifest.xml:14:2
	android:name
		ADDED from AndroidManifest.xml:14:19
uses-permission#android.permission.BLUETOOTH
ADDED from AndroidManifest.xml:15:5
	android:name
		ADDED from AndroidManifest.xml:15:22
uses-permission#android.permission.BLUETOOTH_ADMIN
ADDED from AndroidManifest.xml:16:6
	android:name
		ADDED from AndroidManifest.xml:16:23
application
ADDED from AndroidManifest.xml:17:2
	android:label
		ADDED from AndroidManifest.xml:22:3
	android:allowBackup
		ADDED from AndroidManifest.xml:19:3
	android:icon
		ADDED from AndroidManifest.xml:21:3
	android:hardwareAccelerated
		ADDED from AndroidManifest.xml:20:3
	android:description
		ADDED from AndroidManifest.xml:23:3
	android:enabled
		ADDED from AndroidManifest.xml:18:3
activity#com.beatsportable.beats.MenuHome
ADDED from AndroidManifest.xml:24:3
	android:configChanges
		ADDED from AndroidManifest.xml:26:13
	android:name
		ADDED from AndroidManifest.xml:25:4
intent-filter#android.intent.action.MAIN+android.intent.category.LAUNCHER
ADDED from AndroidManifest.xml:27:13
action#android.intent.action.MAIN
ADDED from AndroidManifest.xml:28:17
	android:name
		ADDED from AndroidManifest.xml:28:25
category#android.intent.category.LAUNCHER
ADDED from AndroidManifest.xml:29:17
	android:name
		ADDED from AndroidManifest.xml:29:27
activity#com.beatsportable.beats.ToolsDownloader
ADDED from AndroidManifest.xml:32:9
	android:configChanges
		ADDED from AndroidManifest.xml:34:4
	android:name
		ADDED from AndroidManifest.xml:33:4
intent-filter#android.intent.action.VIEW+android.intent.category.BROWSABLE+android.intent.category.DEFAULT
ADDED from AndroidManifest.xml:40:4
action#android.intent.action.VIEW
ADDED from AndroidManifest.xml:41:5
	android:name
		ADDED from AndroidManifest.xml:41:13
category#android.intent.category.DEFAULT
ADDED from AndroidManifest.xml:42:5
	android:name
		ADDED from AndroidManifest.xml:42:15
category#android.intent.category.BROWSABLE
ADDED from AndroidManifest.xml:43:5
	android:name
		ADDED from AndroidManifest.xml:43:15
data
ADDED from AndroidManifest.xml:44:6
	android:pathPattern
		ADDED from AndroidManifest.xml:47:7
	android:host
		ADDED from AndroidManifest.xml:46:7
	android:scheme
		ADDED from AndroidManifest.xml:45:7
activity#com.beatsportable.beats.ToolsUnzipperActivity
ADDED from AndroidManifest.xml:51:3
	android:configChanges
		ADDED from AndroidManifest.xml:53:4
	android:name
		ADDED from AndroidManifest.xml:52:4
intent-filter#android.intent.action.MAIN+android.intent.action.VIEW+android.intent.category.BROWSABLE+android.intent.category.DEFAULT
ADDED from AndroidManifest.xml:54:4
activity#com.beatsportable.beats.MenuCredits
ADDED from AndroidManifest.xml:112:3
	android:name
		ADDED from AndroidManifest.xml:113:4
intent-filter#.MenuCredits+android.intent.category.DEFAULT
ADDED from AndroidManifest.xml:114:4
action#.MenuCredits
ADDED from AndroidManifest.xml:116:5
	android:name
		ADDED from AndroidManifest.xml:116:13
activity#com.beatsportable.beats.MenuFileChooser
ADDED from AndroidManifest.xml:119:3
	android:configChanges
		ADDED from AndroidManifest.xml:121:4
	android:name
		ADDED from AndroidManifest.xml:120:4
activity#com.beatsportable.beats.MenuSettings
ADDED from AndroidManifest.xml:122:3
	android:name
		ADDED from AndroidManifest.xml:122:13
activity#com.beatsportable.beats.GUIGame
ADDED from AndroidManifest.xml:123:3
	android:configChanges
		ADDED from AndroidManifest.xml:126:4
	android:theme
		ADDED from AndroidManifest.xml:125:4
	android:name
		ADDED from AndroidManifest.xml:124:4